# JRE version: Java(TM) SE Runtime Environment (8.0_121-b13) (build 1.8.0_121-b13)
# Java VM: Java HotSpot(TM) 64-Bit Server VM (25.121-b13 mixed mode windows-amd64 compressed oops)
Heap:
 def new generation   total 19712K, used 12828K [0x00000000c0000000, 0x00000000c1560000, 0x00000000d5550000)
  eden space 17536K,  67% used [0x00000000c0000000, 0x00000000c0b96d80, 0x00000000c1120000)
  from space 2176K,  44% used [0x00000000c1120000, 0x00000000c12105e0, 0x00000000c1340000)
  to   space 2176K,   0% used [0x00000000c1340000, 0x00000000c1340000, 0x00000000c1560000)
 tenured generation   total 43712K, used 24999K [0x00000000d5550000, 0x00000000d8000000, 0x0000000100000000)
   the space 43712K,  57% used [0x00000000d5550000, 0x00000000d6db9c80, 0x00000000d6db9e00, 0x00000000d8000000)
 Metaspace       used 42928K, capacity 43326K, committed 43520K, reserved 1087488K
  class space    used 5514K, capacity 5625K, committed 5632K, reserved 1048576K
GC Heap History (10 events):
Event: 16.940 GC heap before
{Heap before GC invocations=36 (full 2):
 def new generation   total 19712K, used 17536K [0x00000000c0000000, 0x00000000c1560000, 0x00000000d5550000)
  eden space 17536K, 100% used [0x00000000c0000000, 0x00000000c1120000, 0x00000000c1120000)
  from space 2176K,   0% used [0x00000000c1340000, 0x00000000c1340000, 0x00000000c1560000)
  to   space 2176K,   0% used [0x00000000c1120000, 0x00000000c1120000, 0x00000000c1340000)
 tenured generation   total 43712K, used 21721K [0x00000000d5550000, 0x00000000d8000000, 0x0000000100000000)
   the space 43712K,  49% used [0x00000000d5550000, 0x00000000d6a86460, 0x00000000d6a86600, 0x00000000d8000000)
 Metaspace       used 36788K, capacity 37158K, committed 37288K, reserved 1081344K
  class space    used 4677K, capacity 4789K, committed 4864K, reserved 1048576K
Event: 16.946 GC heap after
Heap after GC invocations=37 (full 2):
 def new generation   total 19712K, used 2176K [0x00000000c0000000, 0x00000000c1560000, 0x00000000d5550000)
  eden space 17536K,   0% used [0x00000000c0000000, 0x00000000c0000000, 0x00000000c1120000)
  from space 2176K, 100% used [0x00000000c1120000, 0x00000000c1340000, 0x00000000c1340000)
  to   space 2176K,   0% used [0x00000000c1340000, 0x00000000c1340000, 0x00000000c1560000)
 tenured generation   total 43712K, used 22396K [0x00000000d5550000, 0x00000000d8000000, 0x0000000100000000)
   the space 43712K,  51% used [0x00000000d5550000, 0x00000000d6b2f1a0, 0x00000000d6b2f200, 0x00000000d8000000)
 Metaspace       used 36788K, capacity 37158K, committed 37288K, reserved 1081344K
  class space    used 4677K, capacity 4789K, committed 4864K, reserved 1048576K
}
Event: 17.304 GC heap before
{Heap before GC invocations=37 (full 2):
 def new generation   total 19712K, used 19712K [0x00000000c0000000, 0x00000000c1560000, 0x00000000d5550000)
  eden space 17536K, 100% used [0x00000000c0000000, 0x00000000c1120000, 0x00000000c1120000)
  from space 2176K, 100% used [0x00000000c1120000, 0x00000000c1340000, 0x00000000c1340000)
  to   space 2176K,   0% used [0x00000000c1340000, 0x00000000c1340000, 0x00000000c1560000)
 tenured generation   total 43712K, used 22396K [0x00000000d5550000, 0x00000000d8000000, 0x0000000100000000)
   the space 43712K,  51% used [0x00000000d5550000, 0x00000000d6b2f1a0, 0x00000000d6b2f200, 0x00000000d8000000)
 Metaspace       used 38887K, capacity 39302K, committed 39424K, reserved 1083392K
  class space    used 4953K, capacity 5077K, committed 5120K, reserved 1048576K
Event: 17.308 GC heap after
Heap after GC invocations=38 (full 2):
 def new generation   total 19712K, used 1916K [0x00000000c0000000, 0x00000000c1560000, 0x00000000d5550000)
  eden space 17536K,   0% used [0x00000000c0000000, 0x00000000c0000000, 0x00000000c1120000)
  from space 2176K,  88% used [0x00000000c1340000, 0x00000000c151f300, 0x00000000c1560000)
  to   space 2176K,   0% used [0x00000000c1120000, 0x00000000c1120000, 0x00000000c1340000)
 tenured generation   total 43712K, used 23236K [0x00000000d5550000, 0x00000000d8000000, 0x0000000100000000)
   the space 43712K,  53% used [0x00000000d5550000, 0x00000000d6c013e0, 0x00000000d6c01400, 0x00000000d8000000)
 Metaspace       used 38887K, capacity 39302K, committed 39424K, reserved 1083392K
  class space    used 4953K, capacity 5077K, committed 5120K, reserved 1048576K
}
Event: 17.935 GC heap before
{Heap before GC invocations=38 (full 2):
 def new generation   total 19712K, used 19452K [0x00000000c0000000, 0x00000000c1560000, 0x00000000d5550000)
  eden space 17536K, 100% used [0x00000000c0000000, 0x00000000c1120000, 0x00000000c1120000)
  from space 2176K,  88% used [0x00000000c1340000, 0x00000000c151f300, 0x00000000c1560000)
  to   space 2176K,   0% used [0x00000000c1120000, 0x00000000c1120000, 0x00000000c1340000)
 tenured generation   total 43712K, used 23236K [0x00000000d5550000, 0x00000000d8000000, 0x0000000100000000)
   the space 43712K,  53% used [0x00000000d5550000, 0x00000000d6c013e0, 0x00000000d6c01400, 0x00000000d8000000)
 Metaspace       used 40277K, capacity 40710K, committed 40960K, reserved 1085440K
  class space    used 5151K, capacity 5269K, committed 5376K, reserved 1048576K
Event: 17.939 GC heap after
Heap after GC invocations=39 (full 2):
 def new generation   total 19712K, used 1932K [0x00000000c0000000, 0x00000000c1560000, 0x00000000d5550000)
  eden space 17536K,   0% used [0x00000000c0000000, 0x00000000c0000000, 0x00000000c1120000)
  from space 2176K,  88% used [0x00000000c1120000, 0x00000000c1303008, 0x00000000c1340000)
  to   space 2176K,   0% used [0x00000000c1340000, 0x00000000c1340000, 0x00000000c1560000)
 tenured generation   total 43712K, used 23544K [0x00000000d5550000, 0x00000000d8000000, 0x0000000100000000)
   the space 43712K,  53% used [0x00000000d5550000, 0x00000000d6c4e088, 0x00000000d6c4e200, 0x00000000d8000000)
 Metaspace       used 40277K, capacity 40710K, committed 40960K, reserved 1085440K
  class space    used 5151K, capacity 5269K, committed 5376K, reserved 1048576K
}
Event: 18.791 GC heap before
{Heap before GC invocations=39 (full 2):
 def new generation   total 19712K, used 19468K [0x00000000c0000000, 0x00000000c1560000, 0x00000000d5550000)
  eden space 17536K, 100% used [0x00000000c0000000, 0x00000000c1120000, 0x00000000c1120000)
  from space 2176K,  88% used [0x00000000c1120000, 0x00000000c1303008, 0x00000000c1340000)
  to   space 2176K,   0% used [0x00000000c1340000, 0x00000000c1340000, 0x00000000c1560000)
 tenured generation   total 43712K, used 23544K [0x00000000d5550000, 0x00000000d8000000, 0x0000000100000000)
   the space 43712K,  53% used [0x00000000d5550000, 0x00000000d6c4e088, 0x00000000d6c4e200, 0x00000000d8000000)
 Metaspace       used 41918K, capacity 42354K, committed 42624K, reserved 1087488K
  class space    used 5392K, capacity 5495K, committed 5504K, reserved 1048576K
Event: 18.796 GC heap after
Heap after GC invocations=40 (full 2):
 def new generation   total 19712K, used 2019K [0x00000000c0000000, 0x00000000c1560000, 0x00000000d5550000)
  eden space 17536K,   0% used [0x00000000c0000000, 0x00000000c0000000, 0x00000000c1120000)
  from space 2176K,  92% used [0x00000000c1340000, 0x00000000c1538c90, 0x00000000c1560000)
  to   space 2176K,   0% used [0x00000000c1120000, 0x00000000c1120000, 0x00000000c1340000)
 tenured generation   total 43712K, used 24258K [0x00000000d5550000, 0x00000000d8000000, 0x0000000100000000)
   the space 43712K,  55% used [0x00000000d5550000, 0x00000000d6d009e0, 0x00000000d6d00a00, 0x00000000d8000000)
 Metaspace       used 41918K, capacity 42354K, committed 42624K, reserved 1087488K
  class space    used 5392K, capacity 5495K, committed 5504K, reserved 1048576K
}
Event: 19.661 GC heap before
{Heap before GC invocations=40 (full 2):
 def new generation   total 19712K, used 19555K [0x00000000c0000000, 0x00000000c1560000, 0x00000000d5550000)
  eden space 17536K, 100% used [0x00000000c0000000, 0x00000000c1120000, 0x00000000c1120000)
  from space 2176K,  92% used [0x00000000c1340000, 0x00000000c1538c90, 0x00000000c1560000)
  to   space 2176K,   0% used [0x00000000c1120000, 0x00000000c1120000, 0x00000000c1340000)
 tenured generation   total 43712K, used 24258K [0x00000000d5550000, 0x00000000d8000000, 0x0000000100000000)
   the space 43712K,  55% used [0x00000000d5550000, 0x00000000d6d009e0, 0x00000000d6d00a00, 0x00000000d8000000)
 Metaspace       used 42849K, capacity 43320K, committed 43520K, reserved 1087488K
  class space    used 5499K, capacity 5624K, committed 5632K, reserved 1048576K
Event: 19.665 GC heap after
Heap after GC invocations=41 (full 2):
 def new generation   total 19712K, used 961K [0x00000000c0000000, 0x00000000c1560000, 0x00000000d5550000)
  eden space 17536K,   0% used [0x00000000c0000000, 0x00000000c0000000, 0x00000000c1120000)
  from space 2176K,  44% used [0x00000000c1120000, 0x00000000c12105e0, 0x00000000c1340000)
  to   space 2176K,   0% used [0x00000000c1340000, 0x00000000c1340000, 0x00000000c1560000)
 tenured generation   total 43712K, used 24999K [0x00000000d5550000, 0x00000000d8000000, 0x0000000100000000)
   the space 43712K,  57% used [0x00000000d5550000, 0x00000000d6db9c80, 0x00000000d6db9e00, 0x00000000d8000000)
 Metaspace       used 42849K, capacity 43320K, committed 43520K, reserved 1087488K
  class space    used 5499K, capacity 5624K, committed 5632K, reserved 1048576K
}

